<?xml version="1.0" encoding="UTF-8"?>
<!-- Generated by org.testng.reporters.JUnitXMLReporter -->
<testsuite ignored="13" hostname="LE001442" failures="0" tests="0" time="0.01" errors="0" timestamp="2023-09-27T13:26:59 IST">
  <testcase classname="com.StepDefinition.StepDefinition" name="i_enter_invalid_credentials_and" time="0.0">
    <ignored/>
  </testcase> <!-- i_enter_invalid_credentials_and -->
  <testcase classname="com.StepDefinition.StepDefinition" name="i_enter_into_the_username_field" time="0.0">
    <ignored/>
  </testcase> <!-- i_enter_into_the_username_field -->
  <testcase classname="com.StepDefinition.StepDefinition" name="user_click_on_action_button" time="0.0">
    <ignored/>
  </testcase> <!-- user_click_on_action_button -->
  <testcase classname="com.StepDefinition.StepDefinition" name="i_should_see_an_error_message" time="0.0">
    <ignored/>
  </testcase> <!-- i_should_see_an_error_message -->
  <testcase classname="com.StepDefinition.StepDefinition" name="user_click_on_user_management" time="0.0">
    <ignored/>
  </testcase> <!-- user_click_on_user_management -->
  <testcase classname="com.StepDefinition.StepDefinition" name="user_click_on_bot_management" time="0.0">
    <ignored/>
  </testcase> <!-- user_click_on_bot_management -->
  <testcase classname="com.StepDefinition.StepDefinition" name="i_enter_my_valid_and" time="0.0">
    <ignored/>
  </testcase> <!-- i_enter_my_valid_and -->
  <testcase classname="com.StepDefinition.StepDefinition" name="user_click_on_skill_group" time="0.0">
    <ignored/>
  </testcase> <!-- user_click_on_skill_group -->
  <testcase classname="com.StepDefinition.StepDefinition" name="i_should_be_redirected_to_the_dashboard" time="0.0">
    <ignored/>
  </testcase> <!-- i_should_be_redirected_to_the_dashboard -->
  <testcase classname="com.StepDefinition.StepDefinition" name="i_enter_into_the_password_field" time="0.0">
    <ignored/>
  </testcase> <!-- i_enter_into_the_password_field -->
  <testcase classname="com.StepDefinition.StepDefinition" name="i_click_the_login_button" time="0.0">
    <ignored/>
  </testcase> <!-- i_click_the_login_button -->
  <testcase classname="com.StepDefinition.StepDefinition" name="i_click_the_login" time="0.0">
    <ignored/>
  </testcase> <!-- i_click_the_login -->
  <testcase classname="com.StepDefinition.StepDefinition" name="bot_properties_ensured" time="0.0">
    <ignored/>
  </testcase> <!-- bot_properties_ensured -->
</testsuite>
